mode: set
github.com/Monologue2/greeting/main.go:26.30,28.2 1 1
github.com/Monologue2/greeting/main.go:31.35,32.39 1 1
github.com/Monologue2/greeting/main.go:32.39,34.3 1 1
github.com/Monologue2/greeting/main.go:35.2,35.12 1 1
github.com/Monologue2/greeting/main.go:39.47,45.20 4 1
github.com/Monologue2/greeting/main.go:45.20,47.3 1 1
github.com/Monologue2/greeting/main.go:50.2,50.44 1 1
github.com/Monologue2/greeting/main.go:50.44,53.3 2 1
github.com/Monologue2/greeting/main.go:55.2,56.16 2 1
github.com/Monologue2/greeting/main.go:56.16,58.3 1 1
github.com/Monologue2/greeting/main.go:60.2,61.15 2 1
github.com/Monologue2/greeting/main.go:66.56,72.38 5 1
github.com/Monologue2/greeting/main.go:72.38,74.3 1 0
github.com/Monologue2/greeting/main.go:76.2,77.20 2 1
github.com/Monologue2/greeting/main.go:77.20,79.3 1 1
github.com/Monologue2/greeting/main.go:81.2,81.18 1 1
github.com/Monologue2/greeting/main.go:84.52,86.34 2 1
github.com/Monologue2/greeting/main.go:86.34,88.3 1 1
github.com/Monologue2/greeting/main.go:92.55,93.18 1 1
github.com/Monologue2/greeting/main.go:93.18,96.3 2 1
github.com/Monologue2/greeting/main.go:97.2,98.16 2 1
github.com/Monologue2/greeting/main.go:98.16,100.3 1 1
github.com/Monologue2/greeting/main.go:101.2,102.12 2 1
github.com/Monologue2/greeting/main.go:105.13,107.16 2 0
github.com/Monologue2/greeting/main.go:107.16,111.3 3 0
github.com/Monologue2/greeting/main.go:113.2,114.16 2 0
github.com/Monologue2/greeting/main.go:114.16,118.3 3 0
github.com/Monologue2/greeting/main.go:120.2,121.16 2 0
github.com/Monologue2/greeting/main.go:121.16,124.3 2 0
